<?xml version="1.0" encoding="UTF-8"?>
<testng-results ignored="0" total="1" passed="1" failed="0" skipped="0">
  <reporter-output>
  </reporter-output>
  <suite started-at="2023-03-06T00:37:33 IST" name="Default suite" finished-at="2023-03-06T00:37:36 IST" duration-ms="2659">
    <groups>
    </groups>
    <test started-at="2023-03-06T00:37:33 IST" name="Default test" finished-at="2023-03-06T00:37:36 IST" duration-ms="2659">
      <class name="api.test.UserTest">
        <test-method is-config="true" signature="setData()[pri:0, instance:api.test.UserTest@4fb0f2b9]" started-at="2023-03-06T00:37:33 IST" name="setData" finished-at="2023-03-06T00:37:33 IST" duration-ms="155" status="PASS">
          <reporter-output>
          </reporter-output>
        </test-method> <!-- setData -->
        <test-method signature="testPostUser()[pri:0, instance:api.test.UserTest@4fb0f2b9]" started-at="2023-03-06T00:37:33 IST" name="testPostUser" finished-at="2023-03-06T00:37:36 IST" duration-ms="2473" status="PASS">
          <reporter-output>
          </reporter-output>
        </test-method> <!-- testPostUser -->
      </class> <!-- api.test.UserTest -->
    </test> <!-- Default test -->
  </suite> <!-- Default suite -->
</testng-results>
